The system is: Linux - 3.12.0-1-ARCH - x86_64
Compiling the C compiler identification source file "CMakeCCompilerId.c" succeeded.
Compiler: /usr/bin/cc 
Build flags: 
Id flags: 

The output was:
0


Compilation of the C compiler identification source "CMakeCCompilerId.c" produced "a.out"

The C compiler identification is GNU, found in "/home/jagen31/Robotics/HotTarget/CMakeFiles/2.8.12.1/CompilerIdC/a.out"

Compiling the CXX compiler identification source file "CMakeCXXCompilerId.cpp" succeeded.
Compiler: /usr/bin/c++ 
Build flags: 
Id flags: 

The output was:
0


Compilation of the CXX compiler identification source "CMakeCXXCompilerId.cpp" produced "a.out"

The CXX compiler identification is GNU, found in "/home/jagen31/Robotics/HotTarget/CMakeFiles/2.8.12.1/CompilerIdCXX/a.out"

Determining if the C compiler works passed with the following output:
Change Dir: /home/jagen31/Robotics/HotTarget/CMakeFiles/CMakeTmp

Run Build Command:/usr/bin/make "cmTryCompileExec2514121471/fast"
/usr/bin/make -f CMakeFiles/cmTryCompileExec2514121471.dir/build.make CMakeFiles/cmTryCompileExec2514121471.dir/build
make[1]: Entering directory '/home/jagen31/Robotics/HotTarget/CMakeFiles/CMakeTmp'
/usr/bin/cmake -E cmake_progress_report /home/jagen31/Robotics/HotTarget/CMakeFiles/CMakeTmp/CMakeFiles 1
Building C object CMakeFiles/cmTryCompileExec2514121471.dir/testCCompiler.c.o
/usr/bin/cc    -o CMakeFiles/cmTryCompileExec2514121471.dir/testCCompiler.c.o   -c /home/jagen31/Robotics/HotTarget/CMakeFiles/CMakeTmp/testCCompiler.c
Linking C executable cmTryCompileExec2514121471
/usr/bin/cmake -E cmake_link_script CMakeFiles/cmTryCompileExec2514121471.dir/link.txt --verbose=1
/usr/bin/cc       CMakeFiles/cmTryCompileExec2514121471.dir/testCCompiler.c.o  -o cmTryCompileExec2514121471 -rdynamic 
make[1]: Leaving directory '/home/jagen31/Robotics/HotTarget/CMakeFiles/CMakeTmp'


Detecting C compiler ABI info compiled with the following output:
Change Dir: /home/jagen31/Robotics/HotTarget/CMakeFiles/CMakeTmp

Run Build Command:/usr/bin/make "cmTryCompileExec3842526664/fast"
/usr/bin/make -f CMakeFiles/cmTryCompileExec3842526664.dir/build.make CMakeFiles/cmTryCompileExec3842526664.dir/build
make[1]: Entering directory '/home/jagen31/Robotics/HotTarget/CMakeFiles/CMakeTmp'
/usr/bin/cmake -E cmake_progress_report /home/jagen31/Robotics/HotTarget/CMakeFiles/CMakeTmp/CMakeFiles 1
Building C object CMakeFiles/cmTryCompileExec3842526664.dir/CMakeCCompilerABI.c.o
/usr/bin/cc    -o CMakeFiles/cmTryCompileExec3842526664.dir/CMakeCCompilerABI.c.o   -c /usr/share/cmake-2.8/Modules/CMakeCCompilerABI.c
Linking C executable cmTryCompileExec3842526664
/usr/bin/cmake -E cmake_link_script CMakeFiles/cmTryCompileExec3842526664.dir/link.txt --verbose=1
/usr/bin/cc     -v CMakeFiles/cmTryCompileExec3842526664.dir/CMakeCCompilerABI.c.o  -o cmTryCompileExec3842526664 -rdynamic  
Using built-in specs.
COLLECT_GCC=/usr/bin/cc
COLLECT_LTO_WRAPPER=/usr/lib/gcc/x86_64-unknown-linux-gnu/4.8.2/lto-wrapper
Target: x86_64-unknown-linux-gnu
Configured with: /build/gcc/src/gcc-4.8.2/configure --prefix=/usr --libdir=/usr/lib --libexecdir=/usr/lib --mandir=/usr/share/man --infodir=/usr/share/info --with-bugurl=https://bugs.archlinux.org/ --enable-languages=c,c++,ada,fortran,go,lto,objc,obj-c++ --enable-shared --enable-threads=posix --with-system-zlib --enable-__cxa_atexit --disable-libunwind-exceptions --enable-clocale=gnu --disable-libstdcxx-pch --enable-gnu-unique-object --enable-linker-build-id --enable-cloog-backend=isl --disable-cloog-version-check --enable-lto --enable-gold --enable-ld=default --enable-plugin --with-plugin-ld=ld.gold --with-linker-hash-style=gnu --disable-install-libiberty --disable-multilib --disable-libssp --disable-werror --enable-checking=release
Thread model: posix
gcc version 4.8.2 (GCC) 
COMPILER_PATH=/usr/lib/gcc/x86_64-unknown-linux-gnu/4.8.2/:/usr/lib/gcc/x86_64-unknown-linux-gnu/4.8.2/:/usr/lib/gcc/x86_64-unknown-linux-gnu/:/usr/lib/gcc/x86_64-unknown-linux-gnu/4.8.2/:/usr/lib/gcc/x86_64-unknown-linux-gnu/
LIBRARY_PATH=/usr/lib/gcc/x86_64-unknown-linux-gnu/4.8.2/:/usr/lib/gcc/x86_64-unknown-linux-gnu/4.8.2/../../../../lib/:/lib/../lib/:/usr/lib/../lib/:/usr/lib/gcc/x86_64-unknown-linux-gnu/4.8.2/../../../:/lib/:/usr/lib/
COLLECT_GCC_OPTIONS='-v' '-o' 'cmTryCompileExec3842526664' '-rdynamic' '-mtune=generic' '-march=x86-64'
 /usr/lib/gcc/x86_64-unknown-linux-gnu/4.8.2/collect2 --build-id --eh-frame-hdr --hash-style=gnu -m elf_x86_64 -export-dynamic -dynamic-linker /lib64/ld-linux-x86-64.so.2 -o cmTryCompileExec3842526664 /usr/lib/gcc/x86_64-unknown-linux-gnu/4.8.2/../../../../lib/crt1.o /usr/lib/gcc/x86_64-unknown-linux-gnu/4.8.2/../../../../lib/crti.o /usr/lib/gcc/x86_64-unknown-linux-gnu/4.8.2/crtbegin.o -L/usr/lib/gcc/x86_64-unknown-linux-gnu/4.8.2 -L/usr/lib/gcc/x86_64-unknown-linux-gnu/4.8.2/../../../../lib -L/lib/../lib -L/usr/lib/../lib -L/usr/lib/gcc/x86_64-unknown-linux-gnu/4.8.2/../../.. CMakeFiles/cmTryCompileExec3842526664.dir/CMakeCCompilerABI.c.o -lgcc --as-needed -lgcc_s --no-as-needed -lc -lgcc --as-needed -lgcc_s --no-as-needed /usr/lib/gcc/x86_64-unknown-linux-gnu/4.8.2/crtend.o /usr/lib/gcc/x86_64-unknown-linux-gnu/4.8.2/../../../../lib/crtn.o
make[1]: Leaving directory '/home/jagen31/Robotics/HotTarget/CMakeFiles/CMakeTmp'


Parsed C implicit link information from above output:
  link line regex: [^( *|.*[/\])(ld|([^/\]+-)?ld|collect2)[^/\]*( |$)]
  ignore line: [Change Dir: /home/jagen31/Robotics/HotTarget/CMakeFiles/CMakeTmp]
  ignore line: []
  ignore line: [Run Build Command:/usr/bin/make "cmTryCompileExec3842526664/fast"]
  ignore line: [/usr/bin/make -f CMakeFiles/cmTryCompileExec3842526664.dir/build.make CMakeFiles/cmTryCompileExec3842526664.dir/build]
  ignore line: [make[1]: Entering directory '/home/jagen31/Robotics/HotTarget/CMakeFiles/CMakeTmp']
  ignore line: [/usr/bin/cmake -E cmake_progress_report /home/jagen31/Robotics/HotTarget/CMakeFiles/CMakeTmp/CMakeFiles 1]
  ignore line: [Building C object CMakeFiles/cmTryCompileExec3842526664.dir/CMakeCCompilerABI.c.o]
  ignore line: [/usr/bin/cc    -o CMakeFiles/cmTryCompileExec3842526664.dir/CMakeCCompilerABI.c.o   -c /usr/share/cmake-2.8/Modules/CMakeCCompilerABI.c]
  ignore line: [Linking C executable cmTryCompileExec3842526664]
  ignore line: [/usr/bin/cmake -E cmake_link_script CMakeFiles/cmTryCompileExec3842526664.dir/link.txt --verbose=1]
  ignore line: [/usr/bin/cc     -v CMakeFiles/cmTryCompileExec3842526664.dir/CMakeCCompilerABI.c.o  -o cmTryCompileExec3842526664 -rdynamic  ]
  ignore line: [Using built-in specs.]
  ignore line: [COLLECT_GCC=/usr/bin/cc]
  ignore line: [COLLECT_LTO_WRAPPER=/usr/lib/gcc/x86_64-unknown-linux-gnu/4.8.2/lto-wrapper]
  ignore line: [Target: x86_64-unknown-linux-gnu]
  ignore line: [Configured with: /build/gcc/src/gcc-4.8.2/configure --prefix=/usr --libdir=/usr/lib --libexecdir=/usr/lib --mandir=/usr/share/man --infodir=/usr/share/info --with-bugurl=https://bugs.archlinux.org/ --enable-languages=c,c++,ada,fortran,go,lto,objc,obj-c++ --enable-shared --enable-threads=posix --with-system-zlib --enable-__cxa_atexit --disable-libunwind-exceptions --enable-clocale=gnu --disable-libstdcxx-pch --enable-gnu-unique-object --enable-linker-build-id --enable-cloog-backend=isl --disable-cloog-version-check --enable-lto --enable-gold --enable-ld=default --enable-plugin --with-plugin-ld=ld.gold --with-linker-hash-style=gnu --disable-install-libiberty --disable-multilib --disable-libssp --disable-werror --enable-checking=release]
  ignore line: [Thread model: posix]
  ignore line: [gcc version 4.8.2 (GCC) ]
  ignore line: [COMPILER_PATH=/usr/lib/gcc/x86_64-unknown-linux-gnu/4.8.2/:/usr/lib/gcc/x86_64-unknown-linux-gnu/4.8.2/:/usr/lib/gcc/x86_64-unknown-linux-gnu/:/usr/lib/gcc/x86_64-unknown-linux-gnu/4.8.2/:/usr/lib/gcc/x86_64-unknown-linux-gnu/]
  ignore line: [LIBRARY_PATH=/usr/lib/gcc/x86_64-unknown-linux-gnu/4.8.2/:/usr/lib/gcc/x86_64-unknown-linux-gnu/4.8.2/../../../../lib/:/lib/../lib/:/usr/lib/../lib/:/usr/lib/gcc/x86_64-unknown-linux-gnu/4.8.2/../../../:/lib/:/usr/lib/]
  ignore line: [COLLECT_GCC_OPTIONS='-v' '-o' 'cmTryCompileExec3842526664' '-rdynamic' '-mtune=generic' '-march=x86-64']
  link line: [ /usr/lib/gcc/x86_64-unknown-linux-gnu/4.8.2/collect2 --build-id --eh-frame-hdr --hash-style=gnu -m elf_x86_64 -export-dynamic -dynamic-linker /lib64/ld-linux-x86-64.so.2 -o cmTryCompileExec3842526664 /usr/lib/gcc/x86_64-unknown-linux-gnu/4.8.2/../../../../lib/crt1.o /usr/lib/gcc/x86_64-unknown-linux-gnu/4.8.2/../../../../lib/crti.o /usr/lib/gcc/x86_64-unknown-linux-gnu/4.8.2/crtbegin.o -L/usr/lib/gcc/x86_64-unknown-linux-gnu/4.8.2 -L/usr/lib/gcc/x86_64-unknown-linux-gnu/4.8.2/../../../../lib -L/lib/../lib -L/usr/lib/../lib -L/usr/lib/gcc/x86_64-unknown-linux-gnu/4.8.2/../../.. CMakeFiles/cmTryCompileExec3842526664.dir/CMakeCCompilerABI.c.o -lgcc --as-needed -lgcc_s --no-as-needed -lc -lgcc --as-needed -lgcc_s --no-as-needed /usr/lib/gcc/x86_64-unknown-linux-gnu/4.8.2/crtend.o /usr/lib/gcc/x86_64-unknown-linux-gnu/4.8.2/../../../../lib/crtn.o]
    arg [/usr/lib/gcc/x86_64-unknown-linux-gnu/4.8.2/collect2] ==> ignore
    arg [--build-id] ==> ignore
    arg [--eh-frame-hdr] ==> ignore
    arg [--hash-style=gnu] ==> ignore
    arg [-m] ==> ignore
    arg [elf_x86_64] ==> ignore
    arg [-export-dynamic] ==> ignore
    arg [-dynamic-linker] ==> ignore
    arg [/lib64/ld-linux-x86-64.so.2] ==> ignore
    arg [-o] ==> ignore
    arg [cmTryCompileExec3842526664] ==> ignore
    arg [/usr/lib/gcc/x86_64-unknown-linux-gnu/4.8.2/../../../../lib/crt1.o] ==> ignore
    arg [/usr/lib/gcc/x86_64-unknown-linux-gnu/4.8.2/../../../../lib/crti.o] ==> ignore
    arg [/usr/lib/gcc/x86_64-unknown-linux-gnu/4.8.2/crtbegin.o] ==> ignore
    arg [-L/usr/lib/gcc/x86_64-unknown-linux-gnu/4.8.2] ==> dir [/usr/lib/gcc/x86_64-unknown-linux-gnu/4.8.2]
    arg [-L/usr/lib/gcc/x86_64-unknown-linux-gnu/4.8.2/../../../../lib] ==> dir [/usr/lib/gcc/x86_64-unknown-linux-gnu/4.8.2/../../../../lib]
    arg [-L/lib/../lib] ==> dir [/lib/../lib]
    arg [-L/usr/lib/../lib] ==> dir [/usr/lib/../lib]
    arg [-L/usr/lib/gcc/x86_64-unknown-linux-gnu/4.8.2/../../..] ==> dir [/usr/lib/gcc/x86_64-unknown-linux-gnu/4.8.2/../../..]
    arg [CMakeFiles/cmTryCompileExec3842526664.dir/CMakeCCompilerABI.c.o] ==> ignore
    arg [-lgcc] ==> lib [gcc]
    arg [--as-needed] ==> ignore
    arg [-lgcc_s] ==> lib [gcc_s]
    arg [--no-as-needed] ==> ignore
    arg [-lc] ==> lib [c]
    arg [-lgcc] ==> lib [gcc]
    arg [--as-needed] ==> ignore
    arg [-lgcc_s] ==> lib [gcc_s]
    arg [--no-as-needed] ==> ignore
    arg [/usr/lib/gcc/x86_64-unknown-linux-gnu/4.8.2/crtend.o] ==> ignore
    arg [/usr/lib/gcc/x86_64-unknown-linux-gnu/4.8.2/../../../../lib/crtn.o] ==> ignore
  remove lib [gcc]
  remove lib [gcc_s]
  remove lib [gcc]
  remove lib [gcc_s]
  collapse library dir [/usr/lib/gcc/x86_64-unknown-linux-gnu/4.8.2] ==> [/usr/lib/gcc/x86_64-unknown-linux-gnu/4.8.2]
  collapse library dir [/usr/lib/gcc/x86_64-unknown-linux-gnu/4.8.2/../../../../lib] ==> [/usr/lib]
  collapse library dir [/lib/../lib] ==> [/lib]
  collapse library dir [/usr/lib/../lib] ==> [/usr/lib]
  collapse library dir [/usr/lib/gcc/x86_64-unknown-linux-gnu/4.8.2/../../..] ==> [/usr/lib]
  implicit libs: [c]
  implicit dirs: [/usr/lib/gcc/x86_64-unknown-linux-gnu/4.8.2;/usr/lib;/lib]
  implicit fwks: []


Determining if the CXX compiler works passed with the following output:
Change Dir: /home/jagen31/Robotics/HotTarget/CMakeFiles/CMakeTmp

Run Build Command:/usr/bin/make "cmTryCompileExec3498327646/fast"
/usr/bin/make -f CMakeFiles/cmTryCompileExec3498327646.dir/build.make CMakeFiles/cmTryCompileExec3498327646.dir/build
make[1]: Entering directory '/home/jagen31/Robotics/HotTarget/CMakeFiles/CMakeTmp'
/usr/bin/cmake -E cmake_progress_report /home/jagen31/Robotics/HotTarget/CMakeFiles/CMakeTmp/CMakeFiles 1
Building CXX object CMakeFiles/cmTryCompileExec3498327646.dir/testCXXCompiler.cxx.o
/usr/bin/c++     -o CMakeFiles/cmTryCompileExec3498327646.dir/testCXXCompiler.cxx.o -c /home/jagen31/Robotics/HotTarget/CMakeFiles/CMakeTmp/testCXXCompiler.cxx
Linking CXX executable cmTryCompileExec3498327646
/usr/bin/cmake -E cmake_link_script CMakeFiles/cmTryCompileExec3498327646.dir/link.txt --verbose=1
/usr/bin/c++        CMakeFiles/cmTryCompileExec3498327646.dir/testCXXCompiler.cxx.o  -o cmTryCompileExec3498327646 -rdynamic 
make[1]: Leaving directory '/home/jagen31/Robotics/HotTarget/CMakeFiles/CMakeTmp'


Detecting CXX compiler ABI info compiled with the following output:
Change Dir: /home/jagen31/Robotics/HotTarget/CMakeFiles/CMakeTmp

Run Build Command:/usr/bin/make "cmTryCompileExec2038487674/fast"
/usr/bin/make -f CMakeFiles/cmTryCompileExec2038487674.dir/build.make CMakeFiles/cmTryCompileExec2038487674.dir/build
make[1]: Entering directory '/home/jagen31/Robotics/HotTarget/CMakeFiles/CMakeTmp'
/usr/bin/cmake -E cmake_progress_report /home/jagen31/Robotics/HotTarget/CMakeFiles/CMakeTmp/CMakeFiles 1
Building CXX object CMakeFiles/cmTryCompileExec2038487674.dir/CMakeCXXCompilerABI.cpp.o
/usr/bin/c++     -o CMakeFiles/cmTryCompileExec2038487674.dir/CMakeCXXCompilerABI.cpp.o -c /usr/share/cmake-2.8/Modules/CMakeCXXCompilerABI.cpp
Linking CXX executable cmTryCompileExec2038487674
/usr/bin/cmake -E cmake_link_script CMakeFiles/cmTryCompileExec2038487674.dir/link.txt --verbose=1
/usr/bin/c++      -v CMakeFiles/cmTryCompileExec2038487674.dir/CMakeCXXCompilerABI.cpp.o  -o cmTryCompileExec2038487674 -rdynamic  
Using built-in specs.
COLLECT_GCC=/usr/bin/c++
COLLECT_LTO_WRAPPER=/usr/lib/gcc/x86_64-unknown-linux-gnu/4.8.2/lto-wrapper
Target: x86_64-unknown-linux-gnu
Configured with: /build/gcc/src/gcc-4.8.2/configure --prefix=/usr --libdir=/usr/lib --libexecdir=/usr/lib --mandir=/usr/share/man --infodir=/usr/share/info --with-bugurl=https://bugs.archlinux.org/ --enable-languages=c,c++,ada,fortran,go,lto,objc,obj-c++ --enable-shared --enable-threads=posix --with-system-zlib --enable-__cxa_atexit --disable-libunwind-exceptions --enable-clocale=gnu --disable-libstdcxx-pch --enable-gnu-unique-object --enable-linker-build-id --enable-cloog-backend=isl --disable-cloog-version-check --enable-lto --enable-gold --enable-ld=default --enable-plugin --with-plugin-ld=ld.gold --with-linker-hash-style=gnu --disable-install-libiberty --disable-multilib --disable-libssp --disable-werror --enable-checking=release
Thread model: posix
gcc version 4.8.2 (GCC) 
COMPILER_PATH=/usr/lib/gcc/x86_64-unknown-linux-gnu/4.8.2/:/usr/lib/gcc/x86_64-unknown-linux-gnu/4.8.2/:/usr/lib/gcc/x86_64-unknown-linux-gnu/:/usr/lib/gcc/x86_64-unknown-linux-gnu/4.8.2/:/usr/lib/gcc/x86_64-unknown-linux-gnu/
LIBRARY_PATH=/usr/lib/gcc/x86_64-unknown-linux-gnu/4.8.2/:/usr/lib/gcc/x86_64-unknown-linux-gnu/4.8.2/../../../../lib/:/lib/../lib/:/usr/lib/../lib/:/usr/lib/gcc/x86_64-unknown-linux-gnu/4.8.2/../../../:/lib/:/usr/lib/
COLLECT_GCC_OPTIONS='-v' '-o' 'cmTryCompileExec2038487674' '-rdynamic' '-shared-libgcc' '-mtune=generic' '-march=x86-64'
 /usr/lib/gcc/x86_64-unknown-linux-gnu/4.8.2/collect2 --build-id --eh-frame-hdr --hash-style=gnu -m elf_x86_64 -export-dynamic -dynamic-linker /lib64/ld-linux-x86-64.so.2 -o cmTryCompileExec2038487674 /usr/lib/gcc/x86_64-unknown-linux-gnu/4.8.2/../../../../lib/crt1.o /usr/lib/gcc/x86_64-unknown-linux-gnu/4.8.2/../../../../lib/crti.o /usr/lib/gcc/x86_64-unknown-linux-gnu/4.8.2/crtbegin.o -L/usr/lib/gcc/x86_64-unknown-linux-gnu/4.8.2 -L/usr/lib/gcc/x86_64-unknown-linux-gnu/4.8.2/../../../../lib -L/lib/../lib -L/usr/lib/../lib -L/usr/lib/gcc/x86_64-unknown-linux-gnu/4.8.2/../../.. CMakeFiles/cmTryCompileExec2038487674.dir/CMakeCXXCompilerABI.cpp.o -lstdc++ -lm -lgcc_s -lgcc -lc -lgcc_s -lgcc /usr/lib/gcc/x86_64-unknown-linux-gnu/4.8.2/crtend.o /usr/lib/gcc/x86_64-unknown-linux-gnu/4.8.2/../../../../lib/crtn.o
make[1]: Leaving directory '/home/jagen31/Robotics/HotTarget/CMakeFiles/CMakeTmp'


Parsed CXX implicit link information from above output:
  link line regex: [^( *|.*[/\])(ld|([^/\]+-)?ld|collect2)[^/\]*( |$)]
  ignore line: [Change Dir: /home/jagen31/Robotics/HotTarget/CMakeFiles/CMakeTmp]
  ignore line: []
  ignore line: [Run Build Command:/usr/bin/make "cmTryCompileExec2038487674/fast"]
  ignore line: [/usr/bin/make -f CMakeFiles/cmTryCompileExec2038487674.dir/build.make CMakeFiles/cmTryCompileExec2038487674.dir/build]
  ignore line: [make[1]: Entering directory '/home/jagen31/Robotics/HotTarget/CMakeFiles/CMakeTmp']
  ignore line: [/usr/bin/cmake -E cmake_progress_report /home/jagen31/Robotics/HotTarget/CMakeFiles/CMakeTmp/CMakeFiles 1]
  ignore line: [Building CXX object CMakeFiles/cmTryCompileExec2038487674.dir/CMakeCXXCompilerABI.cpp.o]
  ignore line: [/usr/bin/c++     -o CMakeFiles/cmTryCompileExec2038487674.dir/CMakeCXXCompilerABI.cpp.o -c /usr/share/cmake-2.8/Modules/CMakeCXXCompilerABI.cpp]
  ignore line: [Linking CXX executable cmTryCompileExec2038487674]
  ignore line: [/usr/bin/cmake -E cmake_link_script CMakeFiles/cmTryCompileExec2038487674.dir/link.txt --verbose=1]
  ignore line: [/usr/bin/c++      -v CMakeFiles/cmTryCompileExec2038487674.dir/CMakeCXXCompilerABI.cpp.o  -o cmTryCompileExec2038487674 -rdynamic  ]
  ignore line: [Using built-in specs.]
  ignore line: [COLLECT_GCC=/usr/bin/c++]
  ignore line: [COLLECT_LTO_WRAPPER=/usr/lib/gcc/x86_64-unknown-linux-gnu/4.8.2/lto-wrapper]
  ignore line: [Target: x86_64-unknown-linux-gnu]
  ignore line: [Configured with: /build/gcc/src/gcc-4.8.2/configure --prefix=/usr --libdir=/usr/lib --libexecdir=/usr/lib --mandir=/usr/share/man --infodir=/usr/share/info --with-bugurl=https://bugs.archlinux.org/ --enable-languages=c,c++,ada,fortran,go,lto,objc,obj-c++ --enable-shared --enable-threads=posix --with-system-zlib --enable-__cxa_atexit --disable-libunwind-exceptions --enable-clocale=gnu --disable-libstdcxx-pch --enable-gnu-unique-object --enable-linker-build-id --enable-cloog-backend=isl --disable-cloog-version-check --enable-lto --enable-gold --enable-ld=default --enable-plugin --with-plugin-ld=ld.gold --with-linker-hash-style=gnu --disable-install-libiberty --disable-multilib --disable-libssp --disable-werror --enable-checking=release]
  ignore line: [Thread model: posix]
  ignore line: [gcc version 4.8.2 (GCC) ]
  ignore line: [COMPILER_PATH=/usr/lib/gcc/x86_64-unknown-linux-gnu/4.8.2/:/usr/lib/gcc/x86_64-unknown-linux-gnu/4.8.2/:/usr/lib/gcc/x86_64-unknown-linux-gnu/:/usr/lib/gcc/x86_64-unknown-linux-gnu/4.8.2/:/usr/lib/gcc/x86_64-unknown-linux-gnu/]
  ignore line: [LIBRARY_PATH=/usr/lib/gcc/x86_64-unknown-linux-gnu/4.8.2/:/usr/lib/gcc/x86_64-unknown-linux-gnu/4.8.2/../../../../lib/:/lib/../lib/:/usr/lib/../lib/:/usr/lib/gcc/x86_64-unknown-linux-gnu/4.8.2/../../../:/lib/:/usr/lib/]
  ignore line: [COLLECT_GCC_OPTIONS='-v' '-o' 'cmTryCompileExec2038487674' '-rdynamic' '-shared-libgcc' '-mtune=generic' '-march=x86-64']
  link line: [ /usr/lib/gcc/x86_64-unknown-linux-gnu/4.8.2/collect2 --build-id --eh-frame-hdr --hash-style=gnu -m elf_x86_64 -export-dynamic -dynamic-linker /lib64/ld-linux-x86-64.so.2 -o cmTryCompileExec2038487674 /usr/lib/gcc/x86_64-unknown-linux-gnu/4.8.2/../../../../lib/crt1.o /usr/lib/gcc/x86_64-unknown-linux-gnu/4.8.2/../../../../lib/crti.o /usr/lib/gcc/x86_64-unknown-linux-gnu/4.8.2/crtbegin.o -L/usr/lib/gcc/x86_64-unknown-linux-gnu/4.8.2 -L/usr/lib/gcc/x86_64-unknown-linux-gnu/4.8.2/../../../../lib -L/lib/../lib -L/usr/lib/../lib -L/usr/lib/gcc/x86_64-unknown-linux-gnu/4.8.2/../../.. CMakeFiles/cmTryCompileExec2038487674.dir/CMakeCXXCompilerABI.cpp.o -lstdc++ -lm -lgcc_s -lgcc -lc -lgcc_s -lgcc /usr/lib/gcc/x86_64-unknown-linux-gnu/4.8.2/crtend.o /usr/lib/gcc/x86_64-unknown-linux-gnu/4.8.2/../../../../lib/crtn.o]
    arg [/usr/lib/gcc/x86_64-unknown-linux-gnu/4.8.2/collect2] ==> ignore
    arg [--build-id] ==> ignore
    arg [--eh-frame-hdr] ==> ignore
    arg [--hash-style=gnu] ==> ignore
    arg [-m] ==> ignore
    arg [elf_x86_64] ==> ignore
    arg [-export-dynamic] ==> ignore
    arg [-dynamic-linker] ==> ignore
    arg [/lib64/ld-linux-x86-64.so.2] ==> ignore
    arg [-o] ==> ignore
    arg [cmTryCompileExec2038487674] ==> ignore
    arg [/usr/lib/gcc/x86_64-unknown-linux-gnu/4.8.2/../../../../lib/crt1.o] ==> ignore
    arg [/usr/lib/gcc/x86_64-unknown-linux-gnu/4.8.2/../../../../lib/crti.o] ==> ignore
    arg [/usr/lib/gcc/x86_64-unknown-linux-gnu/4.8.2/crtbegin.o] ==> ignore
    arg [-L/usr/lib/gcc/x86_64-unknown-linux-gnu/4.8.2] ==> dir [/usr/lib/gcc/x86_64-unknown-linux-gnu/4.8.2]
    arg [-L/usr/lib/gcc/x86_64-unknown-linux-gnu/4.8.2/../../../../lib] ==> dir [/usr/lib/gcc/x86_64-unknown-linux-gnu/4.8.2/../../../../lib]
    arg [-L/lib/../lib] ==> dir [/lib/../lib]
    arg [-L/usr/lib/../lib] ==> dir [/usr/lib/../lib]
    arg [-L/usr/lib/gcc/x86_64-unknown-linux-gnu/4.8.2/../../..] ==> dir [/usr/lib/gcc/x86_64-unknown-linux-gnu/4.8.2/../../..]
    arg [CMakeFiles/cmTryCompileExec2038487674.dir/CMakeCXXCompilerABI.cpp.o] ==> ignore
    arg [-lstdc++] ==> lib [stdc++]
    arg [-lm] ==> lib [m]
    arg [-lgcc_s] ==> lib [gcc_s]
    arg [-lgcc] ==> lib [gcc]
    arg [-lc] ==> lib [c]
    arg [-lgcc_s] ==> lib [gcc_s]
    arg [-lgcc] ==> lib [gcc]
    arg [/usr/lib/gcc/x86_64-unknown-linux-gnu/4.8.2/crtend.o] ==> ignore
    arg [/usr/lib/gcc/x86_64-unknown-linux-gnu/4.8.2/../../../../lib/crtn.o] ==> ignore
  remove lib [gcc_s]
  remove lib [gcc]
  remove lib [gcc_s]
  remove lib [gcc]
  collapse library dir [/usr/lib/gcc/x86_64-unknown-linux-gnu/4.8.2] ==> [/usr/lib/gcc/x86_64-unknown-linux-gnu/4.8.2]
  collapse library dir [/usr/lib/gcc/x86_64-unknown-linux-gnu/4.8.2/../../../../lib] ==> [/usr/lib]
  collapse library dir [/lib/../lib] ==> [/lib]
  collapse library dir [/usr/lib/../lib] ==> [/usr/lib]
  collapse library dir [/usr/lib/gcc/x86_64-unknown-linux-gnu/4.8.2/../../..] ==> [/usr/lib]
  implicit libs: [stdc++;m;c]
  implicit dirs: [/usr/lib/gcc/x86_64-unknown-linux-gnu/4.8.2;/usr/lib;/lib]
  implicit fwks: []


The system is: Linux - 3.10.24+ - armv6l
Compiling the C compiler identification source file "CMakeCCompilerId.c" succeeded.
Compiler: /usr/bin/gcc 
Build flags: 
Id flags: 

The output was:
0


Compilation of the C compiler identification source "CMakeCCompilerId.c" produced "a.out"

The C compiler identification is GNU, found in "/home/pi/HotTargets/CMakeFiles/CompilerIdC/a.out"

Compiling the CXX compiler identification source file "CMakeCXXCompilerId.cpp" succeeded.
Compiler: /usr/bin/c++ 
Build flags: 
Id flags: 

The output was:
0


Compilation of the CXX compiler identification source "CMakeCXXCompilerId.cpp" produced "a.out"

The CXX compiler identification is GNU, found in "/home/pi/HotTargets/CMakeFiles/CompilerIdCXX/a.out"

Determining if the C compiler works passed with the following output:
Change Dir: /home/pi/HotTargets/CMakeFiles/CMakeTmp

Run Build Command:/usr/bin/make "cmTryCompileExec3649674545/fast"
/usr/bin/make -f CMakeFiles/cmTryCompileExec3649674545.dir/build.make CMakeFiles/cmTryCompileExec3649674545.dir/build
make[1]: Entering directory `/home/pi/HotTargets/CMakeFiles/CMakeTmp'
/usr/bin/cmake -E cmake_progress_report /home/pi/HotTargets/CMakeFiles/CMakeTmp/CMakeFiles 1
Building C object CMakeFiles/cmTryCompileExec3649674545.dir/testCCompiler.c.o
/usr/bin/gcc    -o CMakeFiles/cmTryCompileExec3649674545.dir/testCCompiler.c.o   -c /home/pi/HotTargets/CMakeFiles/CMakeTmp/testCCompiler.c
Linking C executable cmTryCompileExec3649674545
/usr/bin/cmake -E cmake_link_script CMakeFiles/cmTryCompileExec3649674545.dir/link.txt --verbose=1
/usr/bin/gcc         CMakeFiles/cmTryCompileExec3649674545.dir/testCCompiler.c.o  -o cmTryCompileExec3649674545 -rdynamic 
make[1]: Leaving directory `/home/pi/HotTargets/CMakeFiles/CMakeTmp'


Detecting C compiler ABI info compiled with the following output:
Change Dir: /home/pi/HotTargets/CMakeFiles/CMakeTmp

Run Build Command:/usr/bin/make "cmTryCompileExec2344446071/fast"
/usr/bin/make -f CMakeFiles/cmTryCompileExec2344446071.dir/build.make CMakeFiles/cmTryCompileExec2344446071.dir/build
make[1]: Entering directory `/home/pi/HotTargets/CMakeFiles/CMakeTmp'
/usr/bin/cmake -E cmake_progress_report /home/pi/HotTargets/CMakeFiles/CMakeTmp/CMakeFiles 1
Building C object CMakeFiles/cmTryCompileExec2344446071.dir/CMakeCCompilerABI.c.o
/usr/bin/gcc    -o CMakeFiles/cmTryCompileExec2344446071.dir/CMakeCCompilerABI.c.o   -c /usr/share/cmake-2.8/Modules/CMakeCCompilerABI.c
Linking C executable cmTryCompileExec2344446071
/usr/bin/cmake -E cmake_link_script CMakeFiles/cmTryCompileExec2344446071.dir/link.txt --verbose=1
/usr/bin/gcc       -v CMakeFiles/cmTryCompileExec2344446071.dir/CMakeCCompilerABI.c.o  -o cmTryCompileExec2344446071 -rdynamic  
Using built-in specs.
COLLECT_GCC=/usr/bin/gcc
COLLECT_LTO_WRAPPER=/usr/lib/gcc/arm-linux-gnueabihf/4.6/lto-wrapper
Target: arm-linux-gnueabihf
Configured with: ../src/configure -v --with-pkgversion='Debian 4.6.3-14+rpi1' --with-bugurl=file:///usr/share/doc/gcc-4.6/README.Bugs --enable-languages=c,c++,fortran,objc,obj-c++ --prefix=/usr --program-suffix=-4.6 --enable-shared --enable-linker-build-id --with-system-zlib --libexecdir=/usr/lib --without-included-gettext --enable-threads=posix --with-gxx-include-dir=/usr/include/c++/4.6 --libdir=/usr/lib --enable-nls --with-sysroot=/ --enable-clocale=gnu --enable-libstdcxx-debug --enable-libstdcxx-time=yes --enable-gnu-unique-object --enable-plugin --enable-objc-gc --disable-sjlj-exceptions --with-arch=armv6 --with-fpu=vfp --with-float=hard --enable-checking=release --build=arm-linux-gnueabihf --host=arm-linux-gnueabihf --target=arm-linux-gnueabihf
Thread model: posix
gcc version 4.6.3 (Debian 4.6.3-14+rpi1) 
COMPILER_PATH=/usr/lib/gcc/arm-linux-gnueabihf/4.6/:/usr/lib/gcc/arm-linux-gnueabihf/4.6/:/usr/lib/gcc/arm-linux-gnueabihf/:/usr/lib/gcc/arm-linux-gnueabihf/4.6/:/usr/lib/gcc/arm-linux-gnueabihf/
LIBRARY_PATH=/usr/lib/gcc/arm-linux-gnueabihf/4.6/:/usr/lib/gcc/arm-linux-gnueabihf/4.6/../../../arm-linux-gnueabihf/:/usr/lib/gcc/arm-linux-gnueabihf/4.6/../../../:/lib/arm-linux-gnueabihf/:/lib/:/usr/lib/arm-linux-gnueabihf/:/usr/lib/
COLLECT_GCC_OPTIONS='-v' '-o' 'cmTryCompileExec2344446071' '-rdynamic' '-march=armv6' '-mfloat-abi=hard' '-mfpu=vfp'
 /usr/lib/gcc/arm-linux-gnueabihf/4.6/collect2 --sysroot=/ --build-id --no-add-needed --eh-frame-hdr -export-dynamic -dynamic-linker /lib/ld-linux-armhf.so.3 -X --hash-style=both -m armelf_linux_eabi -o cmTryCompileExec2344446071 /usr/lib/gcc/arm-linux-gnueabihf/4.6/../../../arm-linux-gnueabihf/crt1.o /usr/lib/gcc/arm-linux-gnueabihf/4.6/../../../arm-linux-gnueabihf/crti.o /usr/lib/gcc/arm-linux-gnueabihf/4.6/crtbegin.o -L/usr/lib/gcc/arm-linux-gnueabihf/4.6 -L/usr/lib/gcc/arm-linux-gnueabihf/4.6/../../../arm-linux-gnueabihf -L/usr/lib/gcc/arm-linux-gnueabihf/4.6/../../.. -L/lib/arm-linux-gnueabihf -L/usr/lib/arm-linux-gnueabihf CMakeFiles/cmTryCompileExec2344446071.dir/CMakeCCompilerABI.c.o -lgcc --as-needed -lgcc_s --no-as-needed -lc -lgcc --as-needed -lgcc_s --no-as-needed /usr/lib/gcc/arm-linux-gnueabihf/4.6/crtend.o /usr/lib/gcc/arm-linux-gnueabihf/4.6/../../../arm-linux-gnueabihf/crtn.o
make[1]: Leaving directory `/home/pi/HotTargets/CMakeFiles/CMakeTmp'


Parsed C implicit link information from above output:
  link line regex: [^( *|.*[/\])(ld|ld|collect2)[^/\]*( |$)]
  ignore line: [Change Dir: /home/pi/HotTargets/CMakeFiles/CMakeTmp]
  ignore line: []
  ignore line: [Run Build Command:/usr/bin/make "cmTryCompileExec2344446071/fast"]
  ignore line: [/usr/bin/make -f CMakeFiles/cmTryCompileExec2344446071.dir/build.make CMakeFiles/cmTryCompileExec2344446071.dir/build]
  ignore line: [make[1]: Entering directory `/home/pi/HotTargets/CMakeFiles/CMakeTmp']
  ignore line: [/usr/bin/cmake -E cmake_progress_report /home/pi/HotTargets/CMakeFiles/CMakeTmp/CMakeFiles 1]
  ignore line: [Building C object CMakeFiles/cmTryCompileExec2344446071.dir/CMakeCCompilerABI.c.o]
  ignore line: [/usr/bin/gcc    -o CMakeFiles/cmTryCompileExec2344446071.dir/CMakeCCompilerABI.c.o   -c /usr/share/cmake-2.8/Modules/CMakeCCompilerABI.c]
  ignore line: [Linking C executable cmTryCompileExec2344446071]
  ignore line: [/usr/bin/cmake -E cmake_link_script CMakeFiles/cmTryCompileExec2344446071.dir/link.txt --verbose=1]
  ignore line: [/usr/bin/gcc       -v CMakeFiles/cmTryCompileExec2344446071.dir/CMakeCCompilerABI.c.o  -o cmTryCompileExec2344446071 -rdynamic  ]
  ignore line: [Using built-in specs.]
  ignore line: [COLLECT_GCC=/usr/bin/gcc]
  ignore line: [COLLECT_LTO_WRAPPER=/usr/lib/gcc/arm-linux-gnueabihf/4.6/lto-wrapper]
  ignore line: [Target: arm-linux-gnueabihf]
  ignore line: [Configured with: ../src/configure -v --with-pkgversion='Debian 4.6.3-14+rpi1' --with-bugurl=file:///usr/share/doc/gcc-4.6/README.Bugs --enable-languages=c,c++,fortran,objc,obj-c++ --prefix=/usr --program-suffix=-4.6 --enable-shared --enable-linker-build-id --with-system-zlib --libexecdir=/usr/lib --without-included-gettext --enable-threads=posix --with-gxx-include-dir=/usr/include/c++/4.6 --libdir=/usr/lib --enable-nls --with-sysroot=/ --enable-clocale=gnu --enable-libstdcxx-debug --enable-libstdcxx-time=yes --enable-gnu-unique-object --enable-plugin --enable-objc-gc --disable-sjlj-exceptions --with-arch=armv6 --with-fpu=vfp --with-float=hard --enable-checking=release --build=arm-linux-gnueabihf --host=arm-linux-gnueabihf --target=arm-linux-gnueabihf]
  ignore line: [Thread model: posix]
  ignore line: [gcc version 4.6.3 (Debian 4.6.3-14+rpi1) ]
  ignore line: [COMPILER_PATH=/usr/lib/gcc/arm-linux-gnueabihf/4.6/:/usr/lib/gcc/arm-linux-gnueabihf/4.6/:/usr/lib/gcc/arm-linux-gnueabihf/:/usr/lib/gcc/arm-linux-gnueabihf/4.6/:/usr/lib/gcc/arm-linux-gnueabihf/]
  ignore line: [LIBRARY_PATH=/usr/lib/gcc/arm-linux-gnueabihf/4.6/:/usr/lib/gcc/arm-linux-gnueabihf/4.6/../../../arm-linux-gnueabihf/:/usr/lib/gcc/arm-linux-gnueabihf/4.6/../../../:/lib/arm-linux-gnueabihf/:/lib/:/usr/lib/arm-linux-gnueabihf/:/usr/lib/]
  ignore line: [COLLECT_GCC_OPTIONS='-v' '-o' 'cmTryCompileExec2344446071' '-rdynamic' '-march=armv6' '-mfloat-abi=hard' '-mfpu=vfp']
  link line: [ /usr/lib/gcc/arm-linux-gnueabihf/4.6/collect2 --sysroot=/ --build-id --no-add-needed --eh-frame-hdr -export-dynamic -dynamic-linker /lib/ld-linux-armhf.so.3 -X --hash-style=both -m armelf_linux_eabi -o cmTryCompileExec2344446071 /usr/lib/gcc/arm-linux-gnueabihf/4.6/../../../arm-linux-gnueabihf/crt1.o /usr/lib/gcc/arm-linux-gnueabihf/4.6/../../../arm-linux-gnueabihf/crti.o /usr/lib/gcc/arm-linux-gnueabihf/4.6/crtbegin.o -L/usr/lib/gcc/arm-linux-gnueabihf/4.6 -L/usr/lib/gcc/arm-linux-gnueabihf/4.6/../../../arm-linux-gnueabihf -L/usr/lib/gcc/arm-linux-gnueabihf/4.6/../../.. -L/lib/arm-linux-gnueabihf -L/usr/lib/arm-linux-gnueabihf CMakeFiles/cmTryCompileExec2344446071.dir/CMakeCCompilerABI.c.o -lgcc --as-needed -lgcc_s --no-as-needed -lc -lgcc --as-needed -lgcc_s --no-as-needed /usr/lib/gcc/arm-linux-gnueabihf/4.6/crtend.o /usr/lib/gcc/arm-linux-gnueabihf/4.6/../../../arm-linux-gnueabihf/crtn.o]
    arg [/usr/lib/gcc/arm-linux-gnueabihf/4.6/collect2] ==> ignore
    arg [--sysroot=/] ==> ignore
    arg [--build-id] ==> ignore
    arg [--no-add-needed] ==> ignore
    arg [--eh-frame-hdr] ==> ignore
    arg [-export-dynamic] ==> ignore
    arg [-dynamic-linker] ==> ignore
    arg [/lib/ld-linux-armhf.so.3] ==> ignore
    arg [-X] ==> ignore
    arg [--hash-style=both] ==> ignore
    arg [-m] ==> ignore
    arg [armelf_linux_eabi] ==> ignore
    arg [-o] ==> ignore
    arg [cmTryCompileExec2344446071] ==> ignore
    arg [/usr/lib/gcc/arm-linux-gnueabihf/4.6/../../../arm-linux-gnueabihf/crt1.o] ==> ignore
    arg [/usr/lib/gcc/arm-linux-gnueabihf/4.6/../../../arm-linux-gnueabihf/crti.o] ==> ignore
    arg [/usr/lib/gcc/arm-linux-gnueabihf/4.6/crtbegin.o] ==> ignore
    arg [-L/usr/lib/gcc/arm-linux-gnueabihf/4.6] ==> dir [/usr/lib/gcc/arm-linux-gnueabihf/4.6]
    arg [-L/usr/lib/gcc/arm-linux-gnueabihf/4.6/../../../arm-linux-gnueabihf] ==> dir [/usr/lib/gcc/arm-linux-gnueabihf/4.6/../../../arm-linux-gnueabihf]
    arg [-L/usr/lib/gcc/arm-linux-gnueabihf/4.6/../../..] ==> dir [/usr/lib/gcc/arm-linux-gnueabihf/4.6/../../..]
    arg [-L/lib/arm-linux-gnueabihf] ==> dir [/lib/arm-linux-gnueabihf]
    arg [-L/usr/lib/arm-linux-gnueabihf] ==> dir [/usr/lib/arm-linux-gnueabihf]
    arg [CMakeFiles/cmTryCompileExec2344446071.dir/CMakeCCompilerABI.c.o] ==> ignore
    arg [-lgcc] ==> lib [gcc]
    arg [--as-needed] ==> ignore
    arg [-lgcc_s] ==> lib [gcc_s]
    arg [--no-as-needed] ==> ignore
    arg [-lc] ==> lib [c]
    arg [-lgcc] ==> lib [gcc]
    arg [--as-needed] ==> ignore
    arg [-lgcc_s] ==> lib [gcc_s]
    arg [--no-as-needed] ==> ignore
    arg [/usr/lib/gcc/arm-linux-gnueabihf/4.6/crtend.o] ==> ignore
    arg [/usr/lib/gcc/arm-linux-gnueabihf/4.6/../../../arm-linux-gnueabihf/crtn.o] ==> ignore
  remove lib [gcc]
  remove lib [gcc_s]
  remove lib [gcc]
  remove lib [gcc_s]
  collapse dir [/usr/lib/gcc/arm-linux-gnueabihf/4.6] ==> [/usr/lib/gcc/arm-linux-gnueabihf/4.6]
  collapse dir [/usr/lib/gcc/arm-linux-gnueabihf/4.6/../../../arm-linux-gnueabihf] ==> [/usr/lib/arm-linux-gnueabihf]
  collapse dir [/usr/lib/gcc/arm-linux-gnueabihf/4.6/../../..] ==> [/usr/lib]
  collapse dir [/lib/arm-linux-gnueabihf] ==> [/lib/arm-linux-gnueabihf]
  collapse dir [/usr/lib/arm-linux-gnueabihf] ==> [/usr/lib/arm-linux-gnueabihf]
  implicit libs: [c]
  implicit dirs: [/usr/lib/gcc/arm-linux-gnueabihf/4.6;/usr/lib/arm-linux-gnueabihf;/usr/lib;/lib/arm-linux-gnueabihf]


Determining if the CXX compiler works passed with the following output:
Change Dir: /home/pi/HotTargets/CMakeFiles/CMakeTmp

Run Build Command:/usr/bin/make "cmTryCompileExec4131270444/fast"
/usr/bin/make -f CMakeFiles/cmTryCompileExec4131270444.dir/build.make CMakeFiles/cmTryCompileExec4131270444.dir/build
make[1]: Entering directory `/home/pi/HotTargets/CMakeFiles/CMakeTmp'
/usr/bin/cmake -E cmake_progress_report /home/pi/HotTargets/CMakeFiles/CMakeTmp/CMakeFiles 1
Building CXX object CMakeFiles/cmTryCompileExec4131270444.dir/testCXXCompiler.cxx.o
/usr/bin/c++     -o CMakeFiles/cmTryCompileExec4131270444.dir/testCXXCompiler.cxx.o -c /home/pi/HotTargets/CMakeFiles/CMakeTmp/testCXXCompiler.cxx
Linking CXX executable cmTryCompileExec4131270444
/usr/bin/cmake -E cmake_link_script CMakeFiles/cmTryCompileExec4131270444.dir/link.txt --verbose=1
/usr/bin/c++          CMakeFiles/cmTryCompileExec4131270444.dir/testCXXCompiler.cxx.o  -o cmTryCompileExec4131270444 -rdynamic 
make[1]: Leaving directory `/home/pi/HotTargets/CMakeFiles/CMakeTmp'


Detecting CXX compiler ABI info compiled with the following output:
Change Dir: /home/pi/HotTargets/CMakeFiles/CMakeTmp

Run Build Command:/usr/bin/make "cmTryCompileExec1457996178/fast"
/usr/bin/make -f CMakeFiles/cmTryCompileExec1457996178.dir/build.make CMakeFiles/cmTryCompileExec1457996178.dir/build
make[1]: Entering directory `/home/pi/HotTargets/CMakeFiles/CMakeTmp'
/usr/bin/cmake -E cmake_progress_report /home/pi/HotTargets/CMakeFiles/CMakeTmp/CMakeFiles 1
Building CXX object CMakeFiles/cmTryCompileExec1457996178.dir/CMakeCXXCompilerABI.cpp.o
/usr/bin/c++     -o CMakeFiles/cmTryCompileExec1457996178.dir/CMakeCXXCompilerABI.cpp.o -c /usr/share/cmake-2.8/Modules/CMakeCXXCompilerABI.cpp
Linking CXX executable cmTryCompileExec1457996178
/usr/bin/cmake -E cmake_link_script CMakeFiles/cmTryCompileExec1457996178.dir/link.txt --verbose=1
/usr/bin/c++        -v CMakeFiles/cmTryCompileExec1457996178.dir/CMakeCXXCompilerABI.cpp.o  -o cmTryCompileExec1457996178 -rdynamic  
Using built-in specs.
COLLECT_GCC=/usr/bin/c++
COLLECT_LTO_WRAPPER=/usr/lib/gcc/arm-linux-gnueabihf/4.6/lto-wrapper
Target: arm-linux-gnueabihf
Configured with: ../src/configure -v --with-pkgversion='Debian 4.6.3-14+rpi1' --with-bugurl=file:///usr/share/doc/gcc-4.6/README.Bugs --enable-languages=c,c++,fortran,objc,obj-c++ --prefix=/usr --program-suffix=-4.6 --enable-shared --enable-linker-build-id --with-system-zlib --libexecdir=/usr/lib --without-included-gettext --enable-threads=posix --with-gxx-include-dir=/usr/include/c++/4.6 --libdir=/usr/lib --enable-nls --with-sysroot=/ --enable-clocale=gnu --enable-libstdcxx-debug --enable-libstdcxx-time=yes --enable-gnu-unique-object --enable-plugin --enable-objc-gc --disable-sjlj-exceptions --with-arch=armv6 --with-fpu=vfp --with-float=hard --enable-checking=release --build=arm-linux-gnueabihf --host=arm-linux-gnueabihf --target=arm-linux-gnueabihf
Thread model: posix
gcc version 4.6.3 (Debian 4.6.3-14+rpi1) 
COMPILER_PATH=/usr/lib/gcc/arm-linux-gnueabihf/4.6/:/usr/lib/gcc/arm-linux-gnueabihf/4.6/:/usr/lib/gcc/arm-linux-gnueabihf/:/usr/lib/gcc/arm-linux-gnueabihf/4.6/:/usr/lib/gcc/arm-linux-gnueabihf/
LIBRARY_PATH=/usr/lib/gcc/arm-linux-gnueabihf/4.6/:/usr/lib/gcc/arm-linux-gnueabihf/4.6/../../../arm-linux-gnueabihf/:/usr/lib/gcc/arm-linux-gnueabihf/4.6/../../../:/lib/arm-linux-gnueabihf/:/lib/:/usr/lib/arm-linux-gnueabihf/:/usr/lib/
COLLECT_GCC_OPTIONS='-v' '-o' 'cmTryCompileExec1457996178' '-rdynamic' '-shared-libgcc' '-march=armv6' '-mfloat-abi=hard' '-mfpu=vfp'
 /usr/lib/gcc/arm-linux-gnueabihf/4.6/collect2 --sysroot=/ --build-id --no-add-needed --eh-frame-hdr -export-dynamic -dynamic-linker /lib/ld-linux-armhf.so.3 -X --hash-style=both -m armelf_linux_eabi -o cmTryCompileExec1457996178 /usr/lib/gcc/arm-linux-gnueabihf/4.6/../../../arm-linux-gnueabihf/crt1.o /usr/lib/gcc/arm-linux-gnueabihf/4.6/../../../arm-linux-gnueabihf/crti.o /usr/lib/gcc/arm-linux-gnueabihf/4.6/crtbegin.o -L/usr/lib/gcc/arm-linux-gnueabihf/4.6 -L/usr/lib/gcc/arm-linux-gnueabihf/4.6/../../../arm-linux-gnueabihf -L/usr/lib/gcc/arm-linux-gnueabihf/4.6/../../.. -L/lib/arm-linux-gnueabihf -L/usr/lib/arm-linux-gnueabihf CMakeFiles/cmTryCompileExec1457996178.dir/CMakeCXXCompilerABI.cpp.o -lstdc++ -lm -lgcc_s -lgcc -lc -lgcc_s -lgcc /usr/lib/gcc/arm-linux-gnueabihf/4.6/crtend.o /usr/lib/gcc/arm-linux-gnueabihf/4.6/../../../arm-linux-gnueabihf/crtn.o
make[1]: Leaving directory `/home/pi/HotTargets/CMakeFiles/CMakeTmp'


